0 verbose cli /usr/local/bin/node /usr/local/bin/npm
1 info using npm@11.6.2
2 info using node@v24.13.0
3 silly config load:file:/usr/local/lib/node_modules/npm/npmrc
4 silly config load:file:/Users/bcabral/clones/josephsList/.npmrc
5 silly config load:file:/Users/bcabral/.npmrc
6 silly config load:file:/usr/local/etc/npmrc
7 verbose title npm install
8 verbose argv "install" "--cache" ".npm-cache" "--legacy-peer-deps"
9 verbose logfile logs-max:10 dir:/Users/bcabral/clones/josephsList/.npm-cache/_logs/2026-01-23T17_18_40_958Z-
10 verbose logfile /Users/bcabral/clones/josephsList/.npm-cache/_logs/2026-01-23T17_18_40_958Z-debug-0.log
11 silly logfile done cleaning log files
12 silly packumentCache heap:2348810240 maxSize:587202560 maxEntrySize:293601280
13 silly idealTree buildDeps
14 silly fetch manifest next@16.1.4
15 silly packumentCache full:https://registry.npmjs.org/next cache-miss
16 http fetch GET 200 https://registry.npmjs.org/npm 1318ms
17 http fetch GET 200 https://registry.npmjs.org/next 4151ms (cache miss)
18 silly packumentCache full:https://registry.npmjs.org/next set size:undefined disposed:false
19 silly fetch manifest react@19.2.3
20 silly packumentCache full:https://registry.npmjs.org/react cache-miss
21 http fetch GET 200 https://registry.npmjs.org/react 499ms (cache miss)
22 silly packumentCache full:https://registry.npmjs.org/react set size:undefined disposed:false
23 silly fetch manifest react-dom@19.2.3
24 silly packumentCache full:https://registry.npmjs.org/react-dom cache-miss
25 http fetch GET 200 https://registry.npmjs.org/react-dom 524ms (cache miss)
26 silly packumentCache full:https://registry.npmjs.org/react-dom set size:undefined disposed:false
27 silly fetch manifest @tailwindcss/postcss@^4
28 silly packumentCache full:https://registry.npmjs.org/@tailwindcss%2fpostcss cache-miss
29 http fetch GET 200 https://registry.npmjs.org/@tailwindcss%2fpostcss 123ms (cache miss)
30 silly packumentCache full:https://registry.npmjs.org/@tailwindcss%2fpostcss set size:undefined disposed:false
31 silly fetch manifest @types/node@^20
32 silly packumentCache full:https://registry.npmjs.org/@types%2fnode cache-miss
33 http fetch GET 200 https://registry.npmjs.org/@types%2fnode 829ms (cache miss)
34 silly packumentCache full:https://registry.npmjs.org/@types%2fnode set size:undefined disposed:false
35 silly fetch manifest @types/react@^19
36 silly packumentCache full:https://registry.npmjs.org/@types%2freact cache-miss
37 http fetch GET 200 https://registry.npmjs.org/@types%2freact 100ms (cache miss)
38 silly packumentCache full:https://registry.npmjs.org/@types%2freact set size:undefined disposed:false
39 silly fetch manifest @types/react-dom@^19
40 silly packumentCache full:https://registry.npmjs.org/@types%2freact-dom cache-miss
41 http fetch GET 200 https://registry.npmjs.org/@types%2freact-dom 99ms (cache miss)
42 silly packumentCache full:https://registry.npmjs.org/@types%2freact-dom set size:undefined disposed:false
43 silly fetch manifest eslint@^9
44 silly packumentCache full:https://registry.npmjs.org/eslint cache-miss
45 http fetch GET 200 https://registry.npmjs.org/eslint 89ms (cache miss)
46 silly packumentCache full:https://registry.npmjs.org/eslint set size:undefined disposed:false
47 silly fetch manifest eslint-config-next@16.1.4
48 silly packumentCache full:https://registry.npmjs.org/eslint-config-next cache-miss
49 http fetch GET 200 https://registry.npmjs.org/eslint-config-next 310ms (cache miss)
50 silly packumentCache full:https://registry.npmjs.org/eslint-config-next set size:undefined disposed:false
51 silly fetch manifest tailwindcss@^4
52 silly packumentCache full:https://registry.npmjs.org/tailwindcss cache-miss
53 http fetch GET 200 https://registry.npmjs.org/tailwindcss 258ms (cache miss)
54 silly packumentCache full:https://registry.npmjs.org/tailwindcss set size:undefined disposed:false
55 silly fetch manifest typescript@^5
56 silly packumentCache full:https://registry.npmjs.org/typescript cache-miss
57 http fetch GET 200 https://registry.npmjs.org/typescript 468ms (cache miss)
58 silly packumentCache full:https://registry.npmjs.org/typescript set size:undefined disposed:false
59 silly placeDep ROOT @tailwindcss/postcss@4.1.18 OK for: tmp-app@0.1.0 want: ^4
60 silly placeDep ROOT @types/node@20.19.30 OK for: tmp-app@0.1.0 want: ^20
61 silly placeDep ROOT @types/react@19.2.9 OK for: tmp-app@0.1.0 want: ^19
62 silly placeDep ROOT @types/react-dom@19.2.3 OK for: tmp-app@0.1.0 want: ^19
63 silly placeDep ROOT eslint@9.39.2 OK for: tmp-app@0.1.0 want: ^9
64 silly placeDep ROOT eslint-config-next@16.1.4 OK for: tmp-app@0.1.0 want: 16.1.4
65 silly placeDep ROOT next@16.1.4 OK for: tmp-app@0.1.0 want: 16.1.4
66 silly placeDep ROOT react@19.2.3 OK for: tmp-app@0.1.0 want: 19.2.3
67 silly placeDep ROOT react-dom@19.2.3 OK for: tmp-app@0.1.0 want: 19.2.3
68 silly placeDep ROOT tailwindcss@4.1.18 OK for: tmp-app@0.1.0 want: ^4
69 silly placeDep ROOT typescript@5.9.3 OK for: tmp-app@0.1.0 want: ^5
70 silly fetch manifest postcss@^8.4.41
71 silly packumentCache full:https://registry.npmjs.org/postcss cache-miss
72 silly fetch manifest tailwindcss@4.1.18
73 silly packumentCache full:https://registry.npmjs.org/tailwindcss cache-miss
74 silly fetch manifest @alloc/quick-lru@^5.2.0
75 silly packumentCache full:https://registry.npmjs.org/@alloc%2fquick-lru cache-miss
76 silly fetch manifest @tailwindcss/node@4.1.18
77 silly packumentCache full:https://registry.npmjs.org/@tailwindcss%2fnode cache-miss
78 silly fetch manifest @tailwindcss/oxide@4.1.18
79 silly packumentCache full:https://registry.npmjs.org/@tailwindcss%2foxide cache-miss
80 silly fetch manifest undici-types@~6.21.0
81 silly packumentCache full:https://registry.npmjs.org/undici-types cache-miss
82 silly fetch manifest csstype@^3.2.2
83 silly packumentCache full:https://registry.npmjs.org/csstype cache-miss
84 http cache https://registry.npmjs.org/tailwindcss 20ms (cache hit)
85 silly packumentCache full:https://registry.npmjs.org/tailwindcss set size:10106959 disposed:false
86 silly fetch manifest ajv@^6.12.4
87 silly packumentCache full:https://registry.npmjs.org/ajv cache-miss
88 http fetch GET 200 https://registry.npmjs.org/postcss 72ms (cache miss)
89 silly packumentCache full:https://registry.npmjs.org/postcss set size:undefined disposed:false
90 silly fetch manifest chalk@^4.0.0
91 silly packumentCache full:https://registry.npmjs.org/chalk cache-miss
92 http fetch GET 200 https://registry.npmjs.org/@alloc%2fquick-lru 105ms (cache miss)
93 silly packumentCache full:https://registry.npmjs.org/@alloc%2fquick-lru set size:undefined disposed:false
94 silly fetch manifest debug@^4.3.2
95 silly packumentCache full:https://registry.npmjs.org/debug cache-miss
96 http fetch GET 200 https://registry.npmjs.org/chalk 61ms (cache miss)
97 silly packumentCache full:https://registry.npmjs.org/chalk set size:undefined disposed:false
98 silly fetch manifest espree@^10.4.0
99 silly packumentCache full:https://registry.npmjs.org/espree cache-miss
100 http fetch GET 200 https://registry.npmjs.org/debug 69ms (cache miss)
101 silly packumentCache full:https://registry.npmjs.org/debug set size:undefined disposed:false
102 silly fetch manifest ignore@^5.2.0
103 silly packumentCache full:https://registry.npmjs.org/ignore cache-miss
104 http fetch GET 200 https://registry.npmjs.org/undici-types 181ms (cache miss)
105 silly packumentCache full:https://registry.npmjs.org/undici-types set size:undefined disposed:false
106 silly fetch manifest esquery@^1.5.0
107 silly packumentCache full:https://registry.npmjs.org/esquery cache-miss
108 http fetch GET 200 https://registry.npmjs.org/espree 66ms (cache miss)
109 silly packumentCache full:https://registry.npmjs.org/espree set size:undefined disposed:false
110 silly fetch manifest esutils@^2.0.2
111 silly packumentCache full:https://registry.npmjs.org/esutils cache-miss
112 http fetch GET 200 https://registry.npmjs.org/ajv 185ms (cache miss)
113 silly packumentCache full:https://registry.npmjs.org/ajv set size:undefined disposed:false
114 silly fetch manifest find-up@^5.0.0
115 silly packumentCache full:https://registry.npmjs.org/find-up cache-miss
116 http fetch GET 200 https://registry.npmjs.org/ignore 88ms (cache miss)
117 silly packumentCache full:https://registry.npmjs.org/ignore set size:undefined disposed:false
118 silly fetch manifest is-glob@^4.0.0
119 silly packumentCache full:https://registry.npmjs.org/is-glob cache-miss
120 http fetch GET 200 https://registry.npmjs.org/@tailwindcss%2fnode 268ms (cache miss)
121 silly packumentCache full:https://registry.npmjs.org/@tailwindcss%2fnode set size:undefined disposed:false
122 silly fetch manifest minimatch@^3.1.2
123 silly packumentCache full:https://registry.npmjs.org/minimatch cache-miss
124 http fetch GET 200 https://registry.npmjs.org/csstype 272ms (cache miss)
125 silly packumentCache full:https://registry.npmjs.org/csstype set size:undefined disposed:false
126 silly fetch manifest @eslint/js@9.39.2
127 silly packumentCache full:https://registry.npmjs.org/@eslint%2fjs cache-miss
128 http fetch GET 200 https://registry.npmjs.org/esquery 94ms (cache miss)
129 silly packumentCache full:https://registry.npmjs.org/esquery set size:undefined disposed:false
130 silly fetch manifest optionator@^0.9.3
131 silly packumentCache full:https://registry.npmjs.org/optionator cache-miss
132 http fetch GET 200 https://registry.npmjs.org/esutils 99ms (cache miss)
133 silly packumentCache full:https://registry.npmjs.org/esutils set size:undefined disposed:false
134 silly fetch manifest cross-spawn@^7.0.6
135 silly packumentCache full:https://registry.npmjs.org/cross-spawn cache-miss
136 http fetch GET 200 https://registry.npmjs.org/find-up 80ms (cache miss)
137 silly packumentCache full:https://registry.npmjs.org/find-up set size:undefined disposed:false
138 silly fetch manifest glob-parent@^6.0.2
139 silly packumentCache full:https://registry.npmjs.org/glob-parent cache-miss
140 http fetch GET 200 https://registry.npmjs.org/@tailwindcss%2foxide 318ms (cache miss)
141 silly packumentCache full:https://registry.npmjs.org/@tailwindcss%2foxide set size:undefined disposed:false
142 silly fetch manifest imurmurhash@^0.1.4
143 silly packumentCache full:https://registry.npmjs.org/imurmurhash cache-miss
144 http fetch GET 200 https://registry.npmjs.org/is-glob 64ms (cache miss)
145 silly packumentCache full:https://registry.npmjs.org/is-glob set size:undefined disposed:false
146 silly fetch manifest @eslint/core@^0.17.0
147 silly packumentCache full:https://registry.npmjs.org/@eslint%2fcore cache-miss
148 http fetch GET 200 https://registry.npmjs.org/optionator 55ms (cache miss)
149 silly packumentCache full:https://registry.npmjs.org/optionator set size:undefined disposed:false
150 silly fetch manifest eslint-scope@^8.4.0
151 silly packumentCache full:https://registry.npmjs.org/eslint-scope cache-miss
152 http fetch GET 200 https://registry.npmjs.org/minimatch 78ms (cache miss)
153 silly packumentCache full:https://registry.npmjs.org/minimatch set size:undefined disposed:false
154 silly fetch manifest lodash.merge@^4.6.2
155 silly packumentCache full:https://registry.npmjs.org/lodash.merge cache-miss
156 http fetch GET 200 https://registry.npmjs.org/@eslint%2fjs 90ms (cache miss)
157 silly packumentCache full:https://registry.npmjs.org/@eslint%2fjs set size:undefined disposed:false
158 silly fetch manifest @humanfs/node@^0.16.6
159 silly packumentCache full:https://registry.npmjs.org/@humanfs%2fnode cache-miss
160 http fetch GET 200 https://registry.npmjs.org/imurmurhash 56ms (cache miss)
161 silly packumentCache full:https://registry.npmjs.org/imurmurhash set size:undefined disposed:false
162 silly fetch manifest @types/estree@^1.0.6
163 silly packumentCache full:https://registry.npmjs.org/@types%2festree cache-miss
164 http fetch GET 200 https://registry.npmjs.org/cross-spawn 94ms (cache miss)
165 silly packumentCache full:https://registry.npmjs.org/cross-spawn set size:undefined disposed:false
166 silly fetch manifest fast-deep-equal@^3.1.3
167 silly packumentCache full:https://registry.npmjs.org/fast-deep-equal cache-miss
168 http fetch GET 200 https://registry.npmjs.org/glob-parent 88ms (cache miss)
169 silly packumentCache full:https://registry.npmjs.org/glob-parent set size:undefined disposed:false
170 silly fetch manifest natural-compare@^1.4.0
171 silly packumentCache full:https://registry.npmjs.org/natural-compare cache-miss
172 http fetch GET 200 https://registry.npmjs.org/eslint-scope 69ms (cache miss)
173 silly packumentCache full:https://registry.npmjs.org/eslint-scope set size:undefined disposed:false
174 silly fetch manifest @eslint/eslintrc@^3.3.1
175 silly packumentCache full:https://registry.npmjs.org/@eslint%2feslintrc cache-miss
176 http fetch GET 200 https://registry.npmjs.org/@eslint%2fcore 81ms (cache miss)
177 silly packumentCache full:https://registry.npmjs.org/@eslint%2fcore set size:undefined disposed:false
178 silly fetch manifest file-entry-cache@^8.0.0
179 silly packumentCache full:https://registry.npmjs.org/file-entry-cache cache-miss
180 http fetch GET 200 https://registry.npmjs.org/lodash.merge 72ms (cache miss)
181 silly packumentCache full:https://registry.npmjs.org/lodash.merge set size:undefined disposed:false
182 silly fetch manifest @eslint/plugin-kit@^0.4.1
183 silly packumentCache full:https://registry.npmjs.org/@eslint%2fplugin-kit cache-miss
184 http fetch GET 200 https://registry.npmjs.org/natural-compare 68ms (cache miss)
185 silly packumentCache full:https://registry.npmjs.org/natural-compare set size:undefined disposed:false
186 silly fetch manifest eslint-visitor-keys@^4.2.1
187 silly packumentCache full:https://registry.npmjs.org/eslint-visitor-keys cache-miss
188 http fetch GET 200 https://registry.npmjs.org/file-entry-cache 59ms (cache miss)
189 silly packumentCache full:https://registry.npmjs.org/file-entry-cache set size:undefined disposed:false
190 silly fetch manifest @eslint/config-array@^0.21.1
191 silly packumentCache full:https://registry.npmjs.org/@eslint%2fconfig-array cache-miss
192 http fetch GET 200 https://registry.npmjs.org/fast-deep-equal 95ms (cache miss)
193 silly packumentCache full:https://registry.npmjs.org/fast-deep-equal set size:undefined disposed:false
194 silly fetch manifest @humanwhocodes/retry@^0.4.2
195 silly packumentCache full:https://registry.npmjs.org/@humanwhocodes%2fretry cache-miss
196 http fetch GET 200 https://registry.npmjs.org/@humanfs%2fnode 131ms (cache miss)
197 silly packumentCache full:https://registry.npmjs.org/@humanfs%2fnode set size:undefined disposed:false
198 silly fetch manifest escape-string-regexp@^4.0.0
199 silly packumentCache full:https://registry.npmjs.org/escape-string-regexp cache-miss
200 http fetch GET 200 https://registry.npmjs.org/@types%2festree 113ms (cache miss)
201 silly packumentCache full:https://registry.npmjs.org/@types%2festree set size:undefined disposed:false
202 silly fetch manifest @eslint/config-helpers@^0.4.2
203 silly packumentCache full:https://registry.npmjs.org/@eslint%2fconfig-helpers cache-miss
204 http fetch GET 200 https://registry.npmjs.org/@eslint%2fplugin-kit 120ms (cache miss)
205 silly packumentCache full:https://registry.npmjs.org/@eslint%2fplugin-kit set size:undefined disposed:false
206 silly fetch manifest @eslint-community/regexpp@^4.12.1
207 silly packumentCache full:https://registry.npmjs.org/@eslint-community%2fregexpp cache-miss
208 http fetch GET 200 https://registry.npmjs.org/@eslint%2fconfig-array 91ms (cache miss)
209 silly packumentCache full:https://registry.npmjs.org/@eslint%2fconfig-array set size:undefined disposed:false
210 silly fetch manifest @eslint-community/eslint-utils@^4.8.0
211 silly packumentCache full:https://registry.npmjs.org/@eslint-community%2feslint-utils cache-miss
212 http fetch GET 200 https://registry.npmjs.org/escape-string-regexp 67ms (cache miss)
213 silly packumentCache full:https://registry.npmjs.org/escape-string-regexp set size:undefined disposed:false
214 silly fetch manifest @humanwhocodes/module-importer@^1.0.1
215 silly packumentCache full:https://registry.npmjs.org/@humanwhocodes%2fmodule-importer cache-miss
216 http fetch GET 200 https://registry.npmjs.org/eslint-visitor-keys 95ms (cache miss)
217 silly packumentCache full:https://registry.npmjs.org/eslint-visitor-keys set size:undefined disposed:false
218 silly fetch manifest json-stable-stringify-without-jsonify@^1.0.1
219 silly packumentCache full:https://registry.npmjs.org/json-stable-stringify-without-jsonify cache-miss
220 http fetch GET 200 https://registry.npmjs.org/@eslint%2feslintrc 167ms (cache miss)
221 silly packumentCache full:https://registry.npmjs.org/@eslint%2feslintrc set size:undefined disposed:false
222 silly fetch manifest globals@16.4.0
223 silly packumentCache full:https://registry.npmjs.org/globals cache-miss
224 http fetch GET 200 https://registry.npmjs.org/@humanwhocodes%2fretry 94ms (cache miss)
225 silly packumentCache full:https://registry.npmjs.org/@humanwhocodes%2fretry set size:undefined disposed:false
226 silly fetch manifest typescript-eslint@^8.46.0
227 silly packumentCache full:https://registry.npmjs.org/typescript-eslint cache-miss
228 http fetch GET 200 https://registry.npmjs.org/@eslint%2fconfig-helpers 106ms (cache miss)
229 silly packumentCache full:https://registry.npmjs.org/@eslint%2fconfig-helpers set size:undefined disposed:false
230 silly fetch manifest eslint-plugin-react@^7.37.0
231 silly packumentCache full:https://registry.npmjs.org/eslint-plugin-react cache-miss
232 http fetch GET 200 https://registry.npmjs.org/json-stable-stringify-without-jsonify 91ms (cache miss)
233 silly packumentCache full:https://registry.npmjs.org/json-stable-stringify-without-jsonify set size:undefined disposed:false
234 silly fetch manifest eslint-plugin-import@^2.32.0
235 silly packumentCache full:https://registry.npmjs.org/eslint-plugin-import cache-miss
236 http fetch GET 200 https://registry.npmjs.org/@eslint-community%2fregexpp 115ms (cache miss)
237 silly packumentCache full:https://registry.npmjs.org/@eslint-community%2fregexpp set size:undefined disposed:false
238 silly fetch manifest eslint-plugin-jsx-a11y@^6.10.0
239 silly packumentCache full:https://registry.npmjs.org/eslint-plugin-jsx-a11y cache-miss
240 http fetch GET 200 https://registry.npmjs.org/globals 94ms (cache miss)
241 silly packumentCache full:https://registry.npmjs.org/globals set size:undefined disposed:false
242 silly fetch manifest @next/eslint-plugin-next@16.1.4
243 silly packumentCache full:https://registry.npmjs.org/@next%2feslint-plugin-next cache-miss
244 http fetch GET 200 https://registry.npmjs.org/@humanwhocodes%2fmodule-importer 116ms (cache miss)
245 silly packumentCache full:https://registry.npmjs.org/@humanwhocodes%2fmodule-importer set size:undefined disposed:false
246 silly fetch manifest eslint-plugin-react-hooks@^7.0.0
247 silly packumentCache full:https://registry.npmjs.org/eslint-plugin-react-hooks cache-miss
248 http fetch GET 200 https://registry.npmjs.org/@eslint-community%2feslint-utils 117ms (cache miss)
249 silly packumentCache full:https://registry.npmjs.org/@eslint-community%2feslint-utils set size:undefined disposed:false
250 silly fetch manifest eslint-import-resolver-node@^0.3.6
251 silly packumentCache full:https://registry.npmjs.org/eslint-import-resolver-node cache-miss
252 http fetch GET 200 https://registry.npmjs.org/eslint-plugin-react 85ms (cache miss)
253 silly packumentCache full:https://registry.npmjs.org/eslint-plugin-react set size:undefined disposed:false
254 silly fetch manifest eslint-import-resolver-typescript@^3.5.2
255 silly packumentCache full:https://registry.npmjs.org/eslint-import-resolver-typescript cache-miss
256 http fetch GET 200 https://registry.npmjs.org/typescript-eslint 136ms (cache miss)
257 silly packumentCache full:https://registry.npmjs.org/typescript-eslint set size:undefined disposed:false
258 silly fetch manifest postcss@8.4.31
259 silly packumentCache full:https://registry.npmjs.org/postcss cache-miss
260 http cache https://registry.npmjs.org/postcss 2ms (cache hit)
261 silly packumentCache full:https://registry.npmjs.org/postcss set size:696248 disposed:false
262 silly fetch manifest @next/env@16.1.4
263 silly packumentCache full:https://registry.npmjs.org/@next%2fenv cache-miss
264 http fetch GET 200 https://registry.npmjs.org/eslint-plugin-jsx-a11y 86ms (cache miss)
265 silly packumentCache full:https://registry.npmjs.org/eslint-plugin-jsx-a11y set size:undefined disposed:false
266 silly fetch manifest styled-jsx@5.1.6
267 silly packumentCache full:https://registry.npmjs.org/styled-jsx cache-miss
268 http fetch GET 200 https://registry.npmjs.org/eslint-plugin-import 97ms (cache miss)
269 silly packumentCache full:https://registry.npmjs.org/eslint-plugin-import set size:undefined disposed:false
270 silly fetch manifest @swc/helpers@0.5.15
271 silly packumentCache full:https://registry.npmjs.org/@swc%2fhelpers cache-miss
272 http fetch GET 200 https://registry.npmjs.org/eslint-import-resolver-typescript 80ms (cache miss)
273 silly packumentCache full:https://registry.npmjs.org/eslint-import-resolver-typescript set size:undefined disposed:false
274 silly fetch manifest caniuse-lite@^1.0.30001579
275 silly packumentCache full:https://registry.npmjs.org/caniuse-lite cache-miss
276 http fetch GET 200 https://registry.npmjs.org/eslint-import-resolver-node 98ms (cache miss)
277 silly packumentCache full:https://registry.npmjs.org/eslint-import-resolver-node set size:undefined disposed:false
278 silly fetch manifest baseline-browser-mapping@^2.8.3
279 silly packumentCache full:https://registry.npmjs.org/baseline-browser-mapping cache-miss
280 http fetch GET 200 https://registry.npmjs.org/baseline-browser-mapping 96ms (cache miss)
281 silly packumentCache full:https://registry.npmjs.org/baseline-browser-mapping set size:undefined disposed:false
282 silly fetch manifest sharp@^0.34.4
283 silly packumentCache full:https://registry.npmjs.org/sharp cache-miss
284 http fetch GET 200 https://registry.npmjs.org/styled-jsx 143ms (cache miss)
285 silly packumentCache full:https://registry.npmjs.org/styled-jsx set size:undefined disposed:false
286 silly fetch manifest @next/swc-darwin-x64@16.1.4
287 silly packumentCache full:https://registry.npmjs.org/@next%2fswc-darwin-x64 cache-miss
288 http fetch GET 200 https://registry.npmjs.org/@swc%2fhelpers 151ms (cache miss)
289 silly packumentCache full:https://registry.npmjs.org/@swc%2fhelpers set size:undefined disposed:false
290 silly fetch manifest @next/swc-darwin-arm64@16.1.4
291 silly packumentCache full:https://registry.npmjs.org/@next%2fswc-darwin-arm64 cache-miss
292 http fetch GET 200 https://registry.npmjs.org/caniuse-lite 188ms (cache miss)
293 silly packumentCache full:https://registry.npmjs.org/caniuse-lite set size:undefined disposed:false
294 silly fetch manifest @next/swc-linux-x64-gnu@16.1.4
295 silly packumentCache full:https://registry.npmjs.org/@next%2fswc-linux-x64-gnu cache-miss
296 http fetch GET 200 https://registry.npmjs.org/sharp 105ms (cache miss)
297 silly packumentCache full:https://registry.npmjs.org/sharp set size:undefined disposed:false
298 silly fetch manifest @next/swc-linux-x64-musl@16.1.4
299 silly packumentCache full:https://registry.npmjs.org/@next%2fswc-linux-x64-musl cache-miss
300 http fetch GET 200 https://registry.npmjs.org/@next%2feslint-plugin-next 347ms (cache miss)
301 silly packumentCache full:https://registry.npmjs.org/@next%2feslint-plugin-next set size:undefined disposed:false
302 silly fetch manifest @next/swc-win32-x64-msvc@16.1.4
303 silly packumentCache full:https://registry.npmjs.org/@next%2fswc-win32-x64-msvc cache-miss
304 http fetch GET 200 https://registry.npmjs.org/@next%2fenv 302ms (cache miss)
305 silly packumentCache full:https://registry.npmjs.org/@next%2fenv set size:undefined disposed:false
306 silly fetch manifest @next/swc-linux-arm64-gnu@16.1.4
307 silly packumentCache full:https://registry.npmjs.org/@next%2fswc-linux-arm64-gnu cache-miss
308 http fetch GET 200 https://registry.npmjs.org/@next%2fswc-darwin-x64 211ms (cache miss)
309 silly packumentCache full:https://registry.npmjs.org/@next%2fswc-darwin-x64 set size:undefined disposed:false
310 silly fetch manifest @next/swc-linux-arm64-musl@16.1.4
311 silly packumentCache full:https://registry.npmjs.org/@next%2fswc-linux-arm64-musl cache-miss
312 http fetch GET 200 https://registry.npmjs.org/eslint-plugin-react-hooks 438ms (cache miss)
313 silly packumentCache full:https://registry.npmjs.org/eslint-plugin-react-hooks set size:undefined disposed:false
314 silly fetch manifest @next/swc-win32-arm64-msvc@16.1.4
315 silly packumentCache full:https://registry.npmjs.org/@next%2fswc-win32-arm64-msvc cache-miss
316 http fetch GET 200 https://registry.npmjs.org/@next%2fswc-darwin-arm64 247ms (cache miss)
317 silly packumentCache full:https://registry.npmjs.org/@next%2fswc-darwin-arm64 set size:undefined disposed:false
318 silly fetch manifest scheduler@^0.27.0
319 silly packumentCache full:https://registry.npmjs.org/scheduler cache-miss
320 http fetch GET 200 https://registry.npmjs.org/@next%2fswc-linux-x64-gnu 224ms (cache miss)
321 silly packumentCache full:https://registry.npmjs.org/@next%2fswc-linux-x64-gnu set size:undefined disposed:false
322 http fetch GET 200 https://registry.npmjs.org/@next%2fswc-linux-x64-musl 240ms (cache miss)
323 silly packumentCache full:https://registry.npmjs.org/@next%2fswc-linux-x64-musl set size:undefined disposed:false
324 http fetch GET 200 https://registry.npmjs.org/@next%2fswc-linux-arm64-gnu 190ms (cache miss)
325 silly packumentCache full:https://registry.npmjs.org/@next%2fswc-linux-arm64-gnu set size:undefined disposed:false
326 http fetch GET 200 https://registry.npmjs.org/@next%2fswc-win32-x64-msvc 238ms (cache miss)
327 silly packumentCache full:https://registry.npmjs.org/@next%2fswc-win32-x64-msvc set size:undefined disposed:false
328 http fetch GET 200 https://registry.npmjs.org/@next%2fswc-linux-arm64-musl 249ms (cache miss)
329 silly packumentCache full:https://registry.npmjs.org/@next%2fswc-linux-arm64-musl set size:undefined disposed:false
330 http fetch GET 200 https://registry.npmjs.org/scheduler 260ms (cache miss)
331 silly packumentCache full:https://registry.npmjs.org/scheduler set size:undefined disposed:false
332 http fetch GET 200 https://registry.npmjs.org/@next%2fswc-win32-arm64-msvc 361ms (cache miss)
333 silly packumentCache full:https://registry.npmjs.org/@next%2fswc-win32-arm64-msvc set size:undefined disposed:false
334 silly placeDep ROOT @alloc/quick-lru@5.2.0 OK for: @tailwindcss/postcss@4.1.18 want: ^5.2.0
335 silly placeDep ROOT @tailwindcss/node@4.1.18 OK for: @tailwindcss/postcss@4.1.18 want: 4.1.18
336 silly placeDep ROOT @tailwindcss/oxide@4.1.18 OK for: @tailwindcss/postcss@4.1.18 want: 4.1.18
337 silly placeDep ROOT postcss@8.5.6 OK for: @tailwindcss/postcss@4.1.18 want: ^8.4.41
338 silly fetch manifest jiti@^2.6.1
339 silly packumentCache full:https://registry.npmjs.org/jiti cache-miss
340 silly fetch manifest lightningcss@1.30.2
341 silly packumentCache full:https://registry.npmjs.org/lightningcss cache-miss
342 silly fetch manifest magic-string@^0.30.21
343 silly packumentCache full:https://registry.npmjs.org/magic-string cache-miss
344 silly fetch manifest source-map-js@^1.2.1
345 silly packumentCache full:https://registry.npmjs.org/source-map-js cache-miss
346 silly fetch manifest enhanced-resolve@^5.18.3
347 silly packumentCache full:https://registry.npmjs.org/enhanced-resolve cache-miss
348 silly fetch manifest @jridgewell/remapping@^2.3.4
349 silly packumentCache full:https://registry.npmjs.org/@jridgewell%2fremapping cache-miss
350 silly fetch manifest @tailwindcss/oxide-darwin-x64@4.1.18
351 silly packumentCache full:https://registry.npmjs.org/@tailwindcss%2foxide-darwin-x64 cache-miss
352 http fetch GET 200 https://registry.npmjs.org/source-map-js 81ms (cache miss)
353 silly packumentCache full:https://registry.npmjs.org/source-map-js set size:undefined disposed:false
354 silly fetch manifest @tailwindcss/oxide-freebsd-x64@4.1.18
355 silly packumentCache full:https://registry.npmjs.org/@tailwindcss%2foxide-freebsd-x64 cache-miss
356 http fetch GET 200 https://registry.npmjs.org/lightningcss 83ms (cache miss)
357 silly packumentCache full:https://registry.npmjs.org/lightningcss set size:undefined disposed:false
358 silly fetch manifest @tailwindcss/oxide-wasm32-wasi@4.1.18
359 silly packumentCache full:https://registry.npmjs.org/@tailwindcss%2foxide-wasm32-wasi cache-miss
360 http fetch GET 200 https://registry.npmjs.org/magic-string 86ms (cache miss)
361 silly packumentCache full:https://registry.npmjs.org/magic-string set size:undefined disposed:false
362 silly fetch manifest @tailwindcss/oxide-darwin-arm64@4.1.18
363 silly packumentCache full:https://registry.npmjs.org/@tailwindcss%2foxide-darwin-arm64 cache-miss
364 http fetch GET 200 https://registry.npmjs.org/enhanced-resolve 88ms (cache miss)
365 silly packumentCache full:https://registry.npmjs.org/enhanced-resolve set size:undefined disposed:false
366 silly fetch manifest @tailwindcss/oxide-android-arm64@4.1.18
367 silly packumentCache full:https://registry.npmjs.org/@tailwindcss%2foxide-android-arm64 cache-miss
368 http fetch GET 200 https://registry.npmjs.org/@jridgewell%2fremapping 108ms (cache miss)
369 silly packumentCache full:https://registry.npmjs.org/@jridgewell%2fremapping set size:undefined disposed:false
370 silly fetch manifest @tailwindcss/oxide-linux-x64-gnu@4.1.18
371 silly packumentCache full:https://registry.npmjs.org/@tailwindcss%2foxide-linux-x64-gnu cache-miss
372 http fetch GET 200 https://registry.npmjs.org/jiti 116ms (cache miss)
373 silly packumentCache full:https://registry.npmjs.org/jiti set size:undefined disposed:false
374 silly fetch manifest @tailwindcss/oxide-linux-x64-musl@4.1.18
375 silly packumentCache full:https://registry.npmjs.org/@tailwindcss%2foxide-linux-x64-musl cache-miss
376 http fetch GET 200 https://registry.npmjs.org/@tailwindcss%2foxide-android-arm64 108ms (cache miss)
377 silly packumentCache full:https://registry.npmjs.org/@tailwindcss%2foxide-android-arm64 set size:undefined disposed:false
378 silly fetch manifest @tailwindcss/oxide-win32-x64-msvc@4.1.18
379 silly packumentCache full:https://registry.npmjs.org/@tailwindcss%2foxide-win32-x64-msvc cache-miss
380 http fetch GET 200 https://registry.npmjs.org/@tailwindcss%2foxide-darwin-x64 219ms (cache miss)
381 silly packumentCache full:https://registry.npmjs.org/@tailwindcss%2foxide-darwin-x64 set size:undefined disposed:false
382 silly fetch manifest @tailwindcss/oxide-linux-arm64-gnu@4.1.18
383 silly packumentCache full:https://registry.npmjs.org/@tailwindcss%2foxide-linux-arm64-gnu cache-miss
384 http fetch GET 200 https://registry.npmjs.org/@tailwindcss%2foxide-freebsd-x64 151ms (cache miss)
385 silly packumentCache full:https://registry.npmjs.org/@tailwindcss%2foxide-freebsd-x64 set size:undefined disposed:false
386 silly fetch manifest @tailwindcss/oxide-linux-arm64-musl@4.1.18
387 silly packumentCache full:https://registry.npmjs.org/@tailwindcss%2foxide-linux-arm64-musl cache-miss
388 http fetch GET 200 https://registry.npmjs.org/@tailwindcss%2foxide-linux-x64-gnu 150ms (cache miss)
389 silly packumentCache full:https://registry.npmjs.org/@tailwindcss%2foxide-linux-x64-gnu set size:undefined disposed:false
390 silly fetch manifest @tailwindcss/oxide-win32-arm64-msvc@4.1.18
391 silly packumentCache full:https://registry.npmjs.org/@tailwindcss%2foxide-win32-arm64-msvc cache-miss
392 http fetch GET 200 https://registry.npmjs.org/@tailwindcss%2foxide-darwin-arm64 185ms (cache miss)
393 silly packumentCache full:https://registry.npmjs.org/@tailwindcss%2foxide-darwin-arm64 set size:undefined disposed:false
394 silly fetch manifest @tailwindcss/oxide-linux-arm-gnueabihf@4.1.18
395 silly packumentCache full:https://registry.npmjs.org/@tailwindcss%2foxide-linux-arm-gnueabihf cache-miss
396 http fetch GET 200 https://registry.npmjs.org/@tailwindcss%2foxide-linux-x64-musl 193ms (cache miss)
397 silly packumentCache full:https://registry.npmjs.org/@tailwindcss%2foxide-linux-x64-musl set size:undefined disposed:false
398 silly fetch manifest nanoid@^3.3.11
399 silly packumentCache full:https://registry.npmjs.org/nanoid cache-miss
400 http fetch GET 200 https://registry.npmjs.org/@tailwindcss%2foxide-win32-x64-msvc 137ms (cache miss)
401 silly packumentCache full:https://registry.npmjs.org/@tailwindcss%2foxide-win32-x64-msvc set size:undefined disposed:false
402 silly fetch manifest picocolors@^1.1.1
403 silly packumentCache full:https://registry.npmjs.org/picocolors cache-miss
404 http fetch GET 200 https://registry.npmjs.org/@tailwindcss%2foxide-linux-arm64-gnu 142ms (cache miss)
405 silly packumentCache full:https://registry.npmjs.org/@tailwindcss%2foxide-linux-arm64-gnu set size:undefined disposed:false
406 http fetch GET 200 https://registry.npmjs.org/nanoid 70ms (cache miss)
407 silly packumentCache full:https://registry.npmjs.org/nanoid set size:undefined disposed:false
408 http fetch GET 200 https://registry.npmjs.org/@tailwindcss%2foxide-win32-arm64-msvc 143ms (cache miss)
409 silly packumentCache full:https://registry.npmjs.org/@tailwindcss%2foxide-win32-arm64-msvc set size:undefined disposed:false
410 http fetch GET 200 https://registry.npmjs.org/@tailwindcss%2foxide-wasm32-wasi 340ms (cache miss)
411 silly packumentCache full:https://registry.npmjs.org/@tailwindcss%2foxide-wasm32-wasi set size:undefined disposed:false
412 http fetch GET 200 https://registry.npmjs.org/picocolors 89ms (cache miss)
413 silly packumentCache full:https://registry.npmjs.org/picocolors set size:undefined disposed:false
414 http fetch GET 200 https://registry.npmjs.org/@tailwindcss%2foxide-linux-arm64-musl 196ms (cache miss)
415 silly packumentCache full:https://registry.npmjs.org/@tailwindcss%2foxide-linux-arm64-musl set size:undefined disposed:false
416 http fetch GET 200 https://registry.npmjs.org/@tailwindcss%2foxide-linux-arm-gnueabihf 192ms (cache miss)
417 silly packumentCache full:https://registry.npmjs.org/@tailwindcss%2foxide-linux-arm-gnueabihf set size:undefined disposed:false
418 silly placeDep ROOT @jridgewell/remapping@2.3.5 OK for: @tailwindcss/node@4.1.18 want: ^2.3.4
419 silly placeDep ROOT enhanced-resolve@5.18.4 OK for: @tailwindcss/node@4.1.18 want: ^5.18.3
420 silly placeDep ROOT jiti@2.6.1 OK for: @tailwindcss/node@4.1.18 want: ^2.6.1
421 silly placeDep ROOT lightningcss@1.30.2 OK for: @tailwindcss/node@4.1.18 want: 1.30.2
422 silly placeDep ROOT magic-string@0.30.21 OK for: @tailwindcss/node@4.1.18 want: ^0.30.21
423 silly placeDep ROOT source-map-js@1.2.1 OK for: @tailwindcss/node@4.1.18 want: ^1.2.1
424 silly fetch manifest @jridgewell/gen-mapping@^0.3.5
425 silly packumentCache full:https://registry.npmjs.org/@jridgewell%2fgen-mapping cache-miss
426 silly fetch manifest @jridgewell/trace-mapping@^0.3.24
427 silly packumentCache full:https://registry.npmjs.org/@jridgewell%2ftrace-mapping cache-miss
428 silly fetch manifest graceful-fs@^4.2.4
429 silly packumentCache full:https://registry.npmjs.org/graceful-fs cache-miss
430 silly fetch manifest tapable@^2.2.0
431 silly packumentCache full:https://registry.npmjs.org/tapable cache-miss
432 silly fetch manifest detect-libc@^2.0.3
433 silly packumentCache full:https://registry.npmjs.org/detect-libc cache-miss
434 silly fetch manifest lightningcss-darwin-x64@1.30.2
435 silly packumentCache full:https://registry.npmjs.org/lightningcss-darwin-x64 cache-miss
436 silly fetch manifest lightningcss-freebsd-x64@1.30.2
437 silly packumentCache full:https://registry.npmjs.org/lightningcss-freebsd-x64 cache-miss
438 http fetch GET 200 https://registry.npmjs.org/graceful-fs 73ms (cache miss)
439 silly packumentCache full:https://registry.npmjs.org/graceful-fs set size:undefined disposed:false
440 silly fetch manifest lightningcss-darwin-arm64@1.30.2
441 silly packumentCache full:https://registry.npmjs.org/lightningcss-darwin-arm64 cache-miss
442 http fetch GET 200 https://registry.npmjs.org/@jridgewell%2fgen-mapping 76ms (cache miss)
443 silly packumentCache full:https://registry.npmjs.org/@jridgewell%2fgen-mapping set size:undefined disposed:false
444 silly fetch manifest lightningcss-android-arm64@1.30.2
445 silly packumentCache full:https://registry.npmjs.org/lightningcss-android-arm64 cache-miss
446 http fetch GET 200 https://registry.npmjs.org/lightningcss-darwin-x64 82ms (cache miss)
447 silly packumentCache full:https://registry.npmjs.org/lightningcss-darwin-x64 set size:undefined disposed:false
448 silly fetch manifest lightningcss-linux-x64-gnu@1.30.2
449 silly packumentCache full:https://registry.npmjs.org/lightningcss-linux-x64-gnu cache-miss
450 http fetch GET 200 https://registry.npmjs.org/lightningcss-freebsd-x64 83ms (cache miss)
451 silly packumentCache full:https://registry.npmjs.org/lightningcss-freebsd-x64 set size:undefined disposed:false
452 silly fetch manifest lightningcss-linux-x64-musl@1.30.2
453 silly packumentCache full:https://registry.npmjs.org/lightningcss-linux-x64-musl cache-miss
454 http fetch GET 200 https://registry.npmjs.org/tapable 94ms (cache miss)
455 silly packumentCache full:https://registry.npmjs.org/tapable set size:undefined disposed:false
456 silly fetch manifest lightningcss-win32-x64-msvc@1.30.2
457 silly packumentCache full:https://registry.npmjs.org/lightningcss-win32-x64-msvc cache-miss
458 http fetch GET 200 https://registry.npmjs.org/detect-libc 117ms (cache miss)
459 silly packumentCache full:https://registry.npmjs.org/detect-libc set size:undefined disposed:false
460 silly fetch manifest lightningcss-linux-arm64-gnu@1.30.2
461 silly packumentCache full:https://registry.npmjs.org/lightningcss-linux-arm64-gnu cache-miss
462 http fetch GET 200 https://registry.npmjs.org/@jridgewell%2ftrace-mapping 135ms (cache miss)
463 silly packumentCache full:https://registry.npmjs.org/@jridgewell%2ftrace-mapping set size:undefined disposed:false
464 silly fetch manifest lightningcss-linux-arm64-musl@1.30.2
465 silly packumentCache full:https://registry.npmjs.org/lightningcss-linux-arm64-musl cache-miss
466 http fetch GET 200 https://registry.npmjs.org/lightningcss-android-arm64 67ms (cache miss)
467 silly packumentCache full:https://registry.npmjs.org/lightningcss-android-arm64 set size:undefined disposed:false
468 silly fetch manifest lightningcss-win32-arm64-msvc@1.30.2
469 silly packumentCache full:https://registry.npmjs.org/lightningcss-win32-arm64-msvc cache-miss
470 http fetch GET 200 https://registry.npmjs.org/lightningcss-darwin-arm64 77ms (cache miss)
471 silly packumentCache full:https://registry.npmjs.org/lightningcss-darwin-arm64 set size:undefined disposed:false
472 silly fetch manifest lightningcss-linux-arm-gnueabihf@1.30.2
473 silly packumentCache full:https://registry.npmjs.org/lightningcss-linux-arm-gnueabihf cache-miss
474 http fetch GET 200 https://registry.npmjs.org/lightningcss-linux-x64-musl 68ms (cache miss)
475 silly packumentCache full:https://registry.npmjs.org/lightningcss-linux-x64-musl set size:undefined disposed:false
476 silly fetch manifest @jridgewell/sourcemap-codec@^1.5.5
477 silly packumentCache full:https://registry.npmjs.org/@jridgewell%2fsourcemap-codec cache-miss
478 http fetch GET 200 https://registry.npmjs.org/lightningcss-linux-x64-gnu 75ms (cache miss)
479 silly packumentCache full:https://registry.npmjs.org/lightningcss-linux-x64-gnu set size:undefined disposed:false
480 http fetch GET 200 https://registry.npmjs.org/lightningcss-win32-x64-msvc 67ms (cache miss)
481 silly packumentCache full:https://registry.npmjs.org/lightningcss-win32-x64-msvc set size:undefined disposed:false
482 http fetch GET 200 https://registry.npmjs.org/lightningcss-linux-arm64-gnu 80ms (cache miss)
483 silly packumentCache full:https://registry.npmjs.org/lightningcss-linux-arm64-gnu set size:undefined disposed:false
484 http fetch GET 200 https://registry.npmjs.org/lightningcss-win32-arm64-msvc 74ms (cache miss)
485 silly packumentCache full:https://registry.npmjs.org/lightningcss-win32-arm64-msvc set size:undefined disposed:false
486 http fetch GET 200 https://registry.npmjs.org/lightningcss-linux-arm64-musl 91ms (cache miss)
487 silly packumentCache full:https://registry.npmjs.org/lightningcss-linux-arm64-musl set size:undefined disposed:false
488 http fetch GET 200 https://registry.npmjs.org/@jridgewell%2fsourcemap-codec 82ms (cache miss)
489 silly packumentCache full:https://registry.npmjs.org/@jridgewell%2fsourcemap-codec set size:undefined disposed:false
490 http fetch GET 200 https://registry.npmjs.org/lightningcss-linux-arm-gnueabihf 90ms (cache miss)
491 silly packumentCache full:https://registry.npmjs.org/lightningcss-linux-arm-gnueabihf set size:undefined disposed:false
492 silly placeDep ROOT @jridgewell/gen-mapping@0.3.13 OK for: @jridgewell/remapping@2.3.5 want: ^0.3.5
493 silly placeDep ROOT @jridgewell/trace-mapping@0.3.31 OK for: @jridgewell/remapping@2.3.5 want: ^0.3.24
494 silly fetch manifest @jridgewell/sourcemap-codec@^1.5.0
495 silly packumentCache full:https://registry.npmjs.org/@jridgewell%2fsourcemap-codec cache-miss
496 silly fetch manifest @jridgewell/resolve-uri@^3.1.0
497 silly packumentCache full:https://registry.npmjs.org/@jridgewell%2fresolve-uri cache-miss
498 silly fetch manifest @jridgewell/sourcemap-codec@^1.4.14
499 silly packumentCache full:https://registry.npmjs.org/@jridgewell%2fsourcemap-codec cache-miss
500 http cache https://registry.npmjs.org/@jridgewell%2fsourcemap-codec 3ms (cache hit)
501 silly packumentCache full:https://registry.npmjs.org/@jridgewell%2fsourcemap-codec set size:59275 disposed:false
502 http cache https://registry.npmjs.org/@jridgewell%2fsourcemap-codec 4ms (cache hit)
503 silly packumentCache full:https://registry.npmjs.org/@jridgewell%2fsourcemap-codec set size:59275 disposed:false
504 silly packumentCache full:https://registry.npmjs.org/@jridgewell%2fsourcemap-codec dispose
505 http fetch GET 200 https://registry.npmjs.org/@jridgewell%2fresolve-uri 83ms (cache miss)
506 silly packumentCache full:https://registry.npmjs.org/@jridgewell%2fresolve-uri set size:undefined disposed:false
507 silly placeDep ROOT @jridgewell/sourcemap-codec@1.5.5 OK for: @jridgewell/gen-mapping@0.3.13 want: ^1.5.0
508 silly placeDep ROOT @jridgewell/resolve-uri@3.1.2 OK for: @jridgewell/trace-mapping@0.3.31 want: ^3.1.0
509 silly placeDep ROOT @tailwindcss/oxide-android-arm64@4.1.18 OK for: @tailwindcss/oxide@4.1.18 want: 4.1.18
510 silly placeDep ROOT @tailwindcss/oxide-darwin-arm64@4.1.18 OK for: @tailwindcss/oxide@4.1.18 want: 4.1.18
511 silly placeDep ROOT @tailwindcss/oxide-darwin-x64@4.1.18 OK for: @tailwindcss/oxide@4.1.18 want: 4.1.18
512 silly placeDep ROOT @tailwindcss/oxide-freebsd-x64@4.1.18 OK for: @tailwindcss/oxide@4.1.18 want: 4.1.18
513 silly placeDep ROOT @tailwindcss/oxide-linux-arm-gnueabihf@4.1.18 OK for: @tailwindcss/oxide@4.1.18 want: 4.1.18
514 silly placeDep ROOT @tailwindcss/oxide-linux-arm64-gnu@4.1.18 OK for: @tailwindcss/oxide@4.1.18 want: 4.1.18
515 silly placeDep ROOT @tailwindcss/oxide-linux-arm64-musl@4.1.18 OK for: @tailwindcss/oxide@4.1.18 want: 4.1.18
516 silly placeDep ROOT @tailwindcss/oxide-linux-x64-gnu@4.1.18 OK for: @tailwindcss/oxide@4.1.18 want: 4.1.18
517 silly placeDep ROOT @tailwindcss/oxide-linux-x64-musl@4.1.18 OK for: @tailwindcss/oxide@4.1.18 want: 4.1.18
518 silly placeDep ROOT @tailwindcss/oxide-wasm32-wasi@4.1.18 OK for: @tailwindcss/oxide@4.1.18 want: 4.1.18
519 silly placeDep ROOT @tailwindcss/oxide-win32-arm64-msvc@4.1.18 OK for: @tailwindcss/oxide@4.1.18 want: 4.1.18
520 silly placeDep ROOT @tailwindcss/oxide-win32-x64-msvc@4.1.18 OK for: @tailwindcss/oxide@4.1.18 want: 4.1.18
521 silly placeDep ROOT undici-types@6.21.0 OK for: @types/node@20.19.30 want: ~6.21.0
522 silly placeDep ROOT csstype@3.2.3 OK for: @types/react@19.2.9 want: ^3.2.2
523 silly placeDep ROOT graceful-fs@4.2.11 OK for: enhanced-resolve@5.18.4 want: ^4.2.4
524 silly placeDep ROOT tapable@2.3.0 OK for: enhanced-resolve@5.18.4 want: ^2.2.0
525 silly placeDep ROOT @eslint-community/eslint-utils@4.9.1 OK for: eslint@9.39.2 want: ^4.8.0
526 silly placeDep ROOT @eslint-community/regexpp@4.12.2 OK for: eslint@9.39.2 want: ^4.12.1
527 silly placeDep ROOT @eslint/config-array@0.21.1 OK for: eslint@9.39.2 want: ^0.21.1
528 silly placeDep ROOT @eslint/config-helpers@0.4.2 OK for: eslint@9.39.2 want: ^0.4.2
529 silly placeDep ROOT @eslint/core@0.17.0 OK for: eslint@9.39.2 want: ^0.17.0
530 silly placeDep ROOT @eslint/eslintrc@3.3.3 OK for: eslint@9.39.2 want: ^3.3.1
531 silly placeDep ROOT @eslint/js@9.39.2 OK for: eslint@9.39.2 want: 9.39.2
532 silly placeDep ROOT @eslint/plugin-kit@0.4.1 OK for: eslint@9.39.2 want: ^0.4.1
533 silly placeDep ROOT @humanfs/node@0.16.7 OK for: eslint@9.39.2 want: ^0.16.6
534 silly placeDep ROOT @humanwhocodes/module-importer@1.0.1 OK for: eslint@9.39.2 want: ^1.0.1
535 silly placeDep ROOT @humanwhocodes/retry@0.4.3 OK for: eslint@9.39.2 want: ^0.4.2
536 silly placeDep ROOT @types/estree@1.0.8 OK for: eslint@9.39.2 want: ^1.0.6
537 silly placeDep ROOT ajv@6.12.6 OK for: eslint@9.39.2 want: ^6.12.4
538 silly placeDep ROOT chalk@4.1.2 OK for: eslint@9.39.2 want: ^4.0.0
539 silly placeDep ROOT cross-spawn@7.0.6 OK for: eslint@9.39.2 want: ^7.0.6
540 silly placeDep ROOT debug@4.4.3 OK for: eslint@9.39.2 want: ^4.3.2
541 silly placeDep ROOT escape-string-regexp@4.0.0 OK for: eslint@9.39.2 want: ^4.0.0
542 silly placeDep ROOT eslint-scope@8.4.0 OK for: eslint@9.39.2 want: ^8.4.0
543 silly placeDep ROOT eslint-visitor-keys@4.2.1 OK for: eslint@9.39.2 want: ^4.2.1
544 silly placeDep ROOT espree@10.4.0 OK for: eslint@9.39.2 want: ^10.4.0
545 silly placeDep ROOT esquery@1.7.0 OK for: eslint@9.39.2 want: ^1.5.0
546 silly placeDep ROOT esutils@2.0.3 OK for: eslint@9.39.2 want: ^2.0.2
547 silly placeDep ROOT fast-deep-equal@3.1.3 OK for: eslint@9.39.2 want: ^3.1.3
548 silly placeDep ROOT file-entry-cache@8.0.0 OK for: eslint@9.39.2 want: ^8.0.0
549 silly placeDep ROOT find-up@5.0.0 OK for: eslint@9.39.2 want: ^5.0.0
550 silly placeDep ROOT glob-parent@6.0.2 OK for: eslint@9.39.2 want: ^6.0.2
551 silly placeDep ROOT ignore@5.3.2 OK for: eslint@9.39.2 want: ^5.2.0
552 silly placeDep ROOT imurmurhash@0.1.4 OK for: eslint@9.39.2 want: ^0.1.4
553 silly placeDep ROOT is-glob@4.0.3 OK for: eslint@9.39.2 want: ^4.0.0
554 silly placeDep ROOT json-stable-stringify-without-jsonify@1.0.1 OK for: eslint@9.39.2 want: ^1.0.1
555 silly placeDep ROOT lodash.merge@4.6.2 OK for: eslint@9.39.2 want: ^4.6.2
556 silly placeDep ROOT minimatch@3.1.2 OK for: eslint@9.39.2 want: ^3.1.2
557 silly placeDep ROOT natural-compare@1.4.0 OK for: eslint@9.39.2 want: ^1.4.0
558 silly placeDep ROOT optionator@0.9.4 OK for: eslint@9.39.2 want: ^0.9.3
559 silly fetch manifest eslint-visitor-keys@^3.4.3
560 silly packumentCache full:https://registry.npmjs.org/eslint-visitor-keys cache-miss
561 silly fetch manifest debug@^4.3.1
562 silly packumentCache full:https://registry.npmjs.org/debug cache-miss
563 silly fetch manifest @eslint/object-schema@^2.1.7
564 silly packumentCache full:https://registry.npmjs.org/@eslint%2fobject-schema cache-miss
565 silly fetch manifest @types/json-schema@^7.0.15
566 silly packumentCache full:https://registry.npmjs.org/@types%2fjson-schema cache-miss
567 silly fetch manifest espree@^10.0.1
568 silly packumentCache full:https://registry.npmjs.org/espree cache-miss
569 silly fetch manifest globals@^14.0.0
570 silly packumentCache full:https://registry.npmjs.org/globals cache-miss
571 silly fetch manifest import-fresh@^3.2.1
572 silly packumentCache full:https://registry.npmjs.org/import-fresh cache-miss
573 http cache https://registry.npmjs.org/eslint-visitor-keys 4ms (cache hit)
574 silly packumentCache full:https://registry.npmjs.org/eslint-visitor-keys set size:67352 disposed:false
575 silly fetch manifest js-yaml@^4.1.1
576 silly packumentCache full:https://registry.npmjs.org/js-yaml cache-miss
577 http cache https://registry.npmjs.org/globals 5ms (cache hit)
578 silly packumentCache full:https://registry.npmjs.org/globals set size:297546 disposed:false
579 silly fetch manifest strip-json-comments@^3.1.1
580 silly packumentCache full:https://registry.npmjs.org/strip-json-comments cache-miss
581 http cache https://registry.npmjs.org/debug 8ms (cache hit)
582 silly packumentCache full:https://registry.npmjs.org/debug set size:195840 disposed:false
583 silly fetch manifest levn@^0.4.1
584 silly packumentCache full:https://registry.npmjs.org/levn cache-miss
585 http cache https://registry.npmjs.org/espree 9ms (cache hit)
586 silly packumentCache full:https://registry.npmjs.org/espree set size:320553 disposed:false
587 silly fetch manifest @humanwhocodes/retry@^0.4.0
588 silly packumentCache full:https://registry.npmjs.org/@humanwhocodes%2fretry cache-miss
589 http cache https://registry.npmjs.org/@humanwhocodes%2fretry 1ms (cache hit)
590 silly packumentCache full:https://registry.npmjs.org/@humanwhocodes%2fretry set size:42348 disposed:false
591 silly fetch manifest @humanfs/core@^0.19.1
592 silly packumentCache full:https://registry.npmjs.org/@humanfs%2fcore cache-miss
593 http fetch GET 200 https://registry.npmjs.org/import-fresh 60ms (cache miss)
594 silly packumentCache full:https://registry.npmjs.org/import-fresh set size:undefined disposed:false
595 silly fetch manifest uri-js@^4.2.2
596 silly packumentCache full:https://registry.npmjs.org/uri-js cache-miss
597 http fetch GET 200 https://registry.npmjs.org/strip-json-comments 59ms (cache miss)
598 silly packumentCache full:https://registry.npmjs.org/strip-json-comments set size:undefined disposed:false
599 silly fetch manifest fast-deep-equal@^3.1.1
600 silly packumentCache full:https://registry.npmjs.org/fast-deep-equal cache-miss
601 http cache https://registry.npmjs.org/fast-deep-equal 1ms (cache hit)
602 silly packumentCache full:https://registry.npmjs.org/fast-deep-equal set size:48634 disposed:false
603 silly fetch manifest json-schema-traverse@^0.4.1
604 silly packumentCache full:https://registry.npmjs.org/json-schema-traverse cache-miss
605 http fetch GET 200 https://registry.npmjs.org/js-yaml 69ms (cache miss)
606 silly packumentCache full:https://registry.npmjs.org/js-yaml set size:undefined disposed:false
607 silly fetch manifest fast-json-stable-stringify@^2.0.0
608 silly packumentCache full:https://registry.npmjs.org/fast-json-stable-stringify cache-miss
609 http fetch GET 200 https://registry.npmjs.org/@humanfs%2fcore 94ms (cache miss)
610 silly packumentCache full:https://registry.npmjs.org/@humanfs%2fcore set size:undefined disposed:false
611 silly fetch manifest ansi-styles@^4.1.0
612 silly packumentCache full:https://registry.npmjs.org/ansi-styles cache-miss
613 http fetch GET 200 https://registry.npmjs.org/@types%2fjson-schema 109ms (cache miss)
614 silly packumentCache full:https://registry.npmjs.org/@types%2fjson-schema set size:undefined disposed:false
615 silly fetch manifest supports-color@^7.1.0
616 silly packumentCache full:https://registry.npmjs.org/supports-color cache-miss
617 http fetch GET 200 https://registry.npmjs.org/@eslint%2fobject-schema 117ms (cache miss)
618 silly packumentCache full:https://registry.npmjs.org/@eslint%2fobject-schema set size:undefined disposed:false
619 silly fetch manifest which@^2.0.1
620 silly packumentCache full:https://registry.npmjs.org/which cache-miss
621 http fetch GET 200 https://registry.npmjs.org/uri-js 58ms (cache miss)
622 silly packumentCache full:https://registry.npmjs.org/uri-js set size:undefined disposed:false
623 silly fetch manifest path-key@^3.1.0
624 silly packumentCache full:https://registry.npmjs.org/path-key cache-miss
625 http fetch GET 200 https://registry.npmjs.org/levn 117ms (cache miss)
626 silly packumentCache full:https://registry.npmjs.org/levn set size:undefined disposed:false
627 silly fetch manifest shebang-command@^2.0.0
628 silly packumentCache full:https://registry.npmjs.org/shebang-command cache-miss
629 http fetch GET 200 https://registry.npmjs.org/fast-json-stable-stringify 54ms (cache miss)
630 silly packumentCache full:https://registry.npmjs.org/fast-json-stable-stringify set size:undefined disposed:false
631 silly fetch manifest ms@^2.1.3
632 silly packumentCache full:https://registry.npmjs.org/ms cache-miss
633 http fetch GET 200 https://registry.npmjs.org/json-schema-traverse 75ms (cache miss)
634 silly packumentCache full:https://registry.npmjs.org/json-schema-traverse set size:undefined disposed:false
635 silly fetch manifest esrecurse@^4.3.0
636 silly packumentCache full:https://registry.npmjs.org/esrecurse cache-miss
637 http fetch GET 200 https://registry.npmjs.org/ansi-styles 68ms (cache miss)
638 silly packumentCache full:https://registry.npmjs.org/ansi-styles set size:undefined disposed:false
639 silly fetch manifest estraverse@^5.2.0
640 silly packumentCache full:https://registry.npmjs.org/estraverse cache-miss
641 http fetch GET 200 https://registry.npmjs.org/ms 58ms (cache miss)
642 silly packumentCache full:https://registry.npmjs.org/ms set size:undefined disposed:false
643 silly fetch manifest acorn@^8.15.0
644 silly packumentCache full:https://registry.npmjs.org/acorn cache-miss
645 http fetch GET 200 https://registry.npmjs.org/esrecurse 65ms (cache miss)
646 silly packumentCache full:https://registry.npmjs.org/esrecurse set size:undefined disposed:false
647 silly fetch manifest acorn-jsx@^5.3.2
648 silly packumentCache full:https://registry.npmjs.org/acorn-jsx cache-miss
649 http fetch GET 200 https://registry.npmjs.org/shebang-command 84ms (cache miss)
650 silly packumentCache full:https://registry.npmjs.org/shebang-command set size:undefined disposed:false
651 silly fetch manifest estraverse@^5.1.0
652 silly packumentCache full:https://registry.npmjs.org/estraverse cache-miss
653 http fetch GET 200 https://registry.npmjs.org/path-key 90ms (cache miss)
654 silly packumentCache full:https://registry.npmjs.org/path-key set size:undefined disposed:false
655 silly fetch manifest flat-cache@^4.0.0
656 silly packumentCache full:https://registry.npmjs.org/flat-cache cache-miss
657 http fetch GET 200 https://registry.npmjs.org/supports-color 101ms (cache miss)
658 silly packumentCache full:https://registry.npmjs.org/supports-color set size:undefined disposed:false
659 silly fetch manifest locate-path@^6.0.0
660 silly packumentCache full:https://registry.npmjs.org/locate-path cache-miss
661 http fetch GET 200 https://registry.npmjs.org/which 112ms (cache miss)
662 silly packumentCache full:https://registry.npmjs.org/which set size:undefined disposed:false
663 silly fetch manifest path-exists@^4.0.0
664 silly packumentCache full:https://registry.npmjs.org/path-exists cache-miss
665 http fetch GET 200 https://registry.npmjs.org/estraverse 63ms (cache miss)
666 silly packumentCache full:https://registry.npmjs.org/estraverse set size:undefined disposed:false
667 silly fetch manifest is-glob@^4.0.3
668 silly packumentCache full:https://registry.npmjs.org/is-glob cache-miss
669 http cache https://registry.npmjs.org/is-glob 1ms (cache hit)
670 silly packumentCache full:https://registry.npmjs.org/is-glob set size:40530 disposed:false
671 silly fetch manifest is-extglob@^2.1.1
672 silly packumentCache full:https://registry.npmjs.org/is-extglob cache-miss
673 http fetch GET 200 https://registry.npmjs.org/locate-path 60ms (cache miss)
674 silly packumentCache full:https://registry.npmjs.org/locate-path set size:undefined disposed:false
675 silly fetch manifest brace-expansion@^1.1.7
676 silly packumentCache full:https://registry.npmjs.org/brace-expansion cache-miss
677 http fetch GET 200 https://registry.npmjs.org/acorn-jsx 64ms (cache miss)
678 silly packumentCache full:https://registry.npmjs.org/acorn-jsx set size:undefined disposed:false
679 silly fetch manifest prelude-ls@^1.2.1
680 silly packumentCache full:https://registry.npmjs.org/prelude-ls cache-miss
681 http fetch GET 200 https://registry.npmjs.org/acorn 86ms (cache miss)
682 silly packumentCache full:https://registry.npmjs.org/acorn set size:undefined disposed:false
683 silly fetch manifest deep-is@^0.1.3
684 silly packumentCache full:https://registry.npmjs.org/deep-is cache-miss
685 http fetch GET 200 https://registry.npmjs.org/flat-cache 68ms (cache miss)
686 silly packumentCache full:https://registry.npmjs.org/flat-cache set size:undefined disposed:false
687 silly fetch manifest word-wrap@^1.2.5
688 silly packumentCache full:https://registry.npmjs.org/word-wrap cache-miss
689 http fetch GET 200 https://registry.npmjs.org/estraverse 77ms (cache miss)
690 silly packumentCache full:https://registry.npmjs.org/estraverse set size:undefined disposed:false
691 silly fetch manifest type-check@^0.4.0
692 silly packumentCache full:https://registry.npmjs.org/type-check cache-miss
693 http fetch GET 200 https://registry.npmjs.org/is-extglob 49ms (cache miss)
694 silly packumentCache full:https://registry.npmjs.org/is-extglob set size:undefined disposed:false
695 silly fetch manifest fast-levenshtein@^2.0.6
696 silly packumentCache full:https://registry.npmjs.org/fast-levenshtein cache-miss
697 http fetch GET 200 https://registry.npmjs.org/path-exists 85ms (cache miss)
698 silly packumentCache full:https://registry.npmjs.org/path-exists set size:undefined disposed:false
699 http fetch GET 200 https://registry.npmjs.org/deep-is 53ms (cache miss)
700 silly packumentCache full:https://registry.npmjs.org/deep-is set size:undefined disposed:false
701 http fetch GET 200 https://registry.npmjs.org/prelude-ls 75ms (cache miss)
702 silly packumentCache full:https://registry.npmjs.org/prelude-ls set size:undefined disposed:false
703 http fetch GET 200 https://registry.npmjs.org/type-check 63ms (cache miss)
704 silly packumentCache full:https://registry.npmjs.org/type-check set size:undefined disposed:false
705 http fetch GET 200 https://registry.npmjs.org/brace-expansion 78ms (cache miss)
706 silly packumentCache full:https://registry.npmjs.org/brace-expansion set size:undefined disposed:false
707 http fetch GET 200 https://registry.npmjs.org/fast-levenshtein 61ms (cache miss)
708 silly packumentCache full:https://registry.npmjs.org/fast-levenshtein set size:undefined disposed:false
709 http fetch GET 200 https://registry.npmjs.org/word-wrap 75ms (cache miss)
710 silly packumentCache full:https://registry.npmjs.org/word-wrap set size:undefined disposed:false
711 silly placeDep node_modules/@eslint-community/eslint-utils eslint-visitor-keys@3.4.3 OK for: @eslint-community/eslint-utils@4.9.1 want: ^3.4.3
712 silly placeDep ROOT @eslint/object-schema@2.1.7 OK for: @eslint/config-array@0.21.1 want: ^2.1.7
713 silly placeDep ROOT @types/json-schema@7.0.15 OK for: @eslint/core@0.17.0 want: ^7.0.15
714 silly placeDep ROOT globals@14.0.0 OK for: @eslint/eslintrc@3.3.3 want: ^14.0.0
715 silly placeDep ROOT import-fresh@3.3.1 OK for: @eslint/eslintrc@3.3.3 want: ^3.2.1
716 silly placeDep ROOT js-yaml@4.1.1 OK for: @eslint/eslintrc@3.3.3 want: ^4.1.1
717 silly placeDep ROOT strip-json-comments@3.1.1 OK for: @eslint/eslintrc@3.3.3 want: ^3.1.1
718 silly fetch manifest parent-module@^1.0.0
719 silly packumentCache full:https://registry.npmjs.org/parent-module cache-miss
720 silly fetch manifest resolve-from@^4.0.0
721 silly packumentCache full:https://registry.npmjs.org/resolve-from cache-miss
722 silly fetch manifest argparse@^2.0.1
723 silly packumentCache full:https://registry.npmjs.org/argparse cache-miss
724 http fetch GET 200 https://registry.npmjs.org/resolve-from 57ms (cache miss)
725 silly packumentCache full:https://registry.npmjs.org/resolve-from set size:undefined disposed:false
726 http fetch GET 200 https://registry.npmjs.org/parent-module 57ms (cache miss)
727 silly packumentCache full:https://registry.npmjs.org/parent-module set size:undefined disposed:false
728 http fetch GET 200 https://registry.npmjs.org/argparse 72ms (cache miss)
729 silly packumentCache full:https://registry.npmjs.org/argparse set size:undefined disposed:false
730 silly placeDep ROOT levn@0.4.1 OK for: @eslint/plugin-kit@0.4.1 want: ^0.4.1
731 silly fetch manifest type-check@~0.4.0
732 silly packumentCache full:https://registry.npmjs.org/type-check cache-miss
733 http cache https://registry.npmjs.org/type-check 1ms (cache hit)
734 silly packumentCache full:https://registry.npmjs.org/type-check set size:21221 disposed:false
735 silly placeDep ROOT @humanfs/core@0.19.1 OK for: @humanfs/node@0.16.7 want: ^0.19.1
736 silly placeDep ROOT fast-json-stable-stringify@2.1.0 OK for: ajv@6.12.6 want: ^2.0.0
737 silly placeDep ROOT json-schema-traverse@0.4.1 OK for: ajv@6.12.6 want: ^0.4.1
738 silly placeDep ROOT uri-js@4.4.1 OK for: ajv@6.12.6 want: ^4.2.2
739 silly fetch manifest punycode@^2.1.0
740 silly packumentCache full:https://registry.npmjs.org/punycode cache-miss
741 http fetch GET 200 https://registry.npmjs.org/punycode 61ms (cache miss)
742 silly packumentCache full:https://registry.npmjs.org/punycode set size:undefined disposed:false
743 silly placeDep ROOT ansi-styles@4.3.0 OK for: chalk@4.1.2 want: ^4.1.0
744 silly placeDep ROOT supports-color@7.2.0 OK for: chalk@4.1.2 want: ^7.1.0
745 silly fetch manifest color-convert@^2.0.1
746 silly packumentCache full:https://registry.npmjs.org/color-convert cache-miss
747 silly fetch manifest has-flag@^4.0.0
748 silly packumentCache full:https://registry.npmjs.org/has-flag cache-miss
749 http fetch GET 200 https://registry.npmjs.org/color-convert 61ms (cache miss)
750 silly packumentCache full:https://registry.npmjs.org/color-convert set size:undefined disposed:false
751 http fetch GET 200 https://registry.npmjs.org/has-flag 101ms (cache miss)
752 silly packumentCache full:https://registry.npmjs.org/has-flag set size:undefined disposed:false
753 silly placeDep ROOT color-convert@2.0.1 OK for: ansi-styles@4.3.0 want: ^2.0.1
754 silly fetch manifest color-name@~1.1.4
755 silly packumentCache full:https://registry.npmjs.org/color-name cache-miss
756 http fetch GET 200 https://registry.npmjs.org/color-name 96ms (cache miss)
757 silly packumentCache full:https://registry.npmjs.org/color-name set size:undefined disposed:false
758 silly placeDep ROOT color-name@1.1.4 OK for: color-convert@2.0.1 want: ~1.1.4
759 silly placeDep ROOT path-key@3.1.1 OK for: cross-spawn@7.0.6 want: ^3.1.0
760 silly placeDep ROOT shebang-command@2.0.0 OK for: cross-spawn@7.0.6 want: ^2.0.0
761 silly placeDep ROOT which@2.0.2 OK for: cross-spawn@7.0.6 want: ^2.0.1
762 silly fetch manifest shebang-regex@^3.0.0
763 silly packumentCache full:https://registry.npmjs.org/shebang-regex cache-miss
764 silly fetch manifest isexe@^2.0.0
765 silly packumentCache full:https://registry.npmjs.org/isexe cache-miss
766 http fetch GET 200 https://registry.npmjs.org/shebang-regex 89ms (cache miss)
767 silly packumentCache full:https://registry.npmjs.org/shebang-regex set size:undefined disposed:false
768 http fetch GET 200 https://registry.npmjs.org/isexe 141ms (cache miss)
769 silly packumentCache full:https://registry.npmjs.org/isexe set size:undefined disposed:false
770 silly placeDep ROOT ms@2.1.3 OK for: debug@4.4.3 want: ^2.1.3
771 silly placeDep ROOT @next/eslint-plugin-next@16.1.4 OK for: eslint-config-next@16.1.4 want: 16.1.4
772 silly placeDep ROOT eslint-import-resolver-node@0.3.9 OK for: eslint-config-next@16.1.4 want: ^0.3.6
773 silly placeDep ROOT eslint-import-resolver-typescript@3.10.1 OK for: eslint-config-next@16.1.4 want: ^3.5.2
774 silly placeDep ROOT eslint-plugin-import@2.32.0 OK for: eslint-config-next@16.1.4 want: ^2.32.0
775 silly placeDep ROOT eslint-plugin-jsx-a11y@6.10.2 OK for: eslint-config-next@16.1.4 want: ^6.10.0
776 silly placeDep ROOT eslint-plugin-react@7.37.5 OK for: eslint-config-next@16.1.4 want: ^7.37.0
777 silly placeDep ROOT eslint-plugin-react-hooks@7.0.1 OK for: eslint-config-next@16.1.4 want: ^7.0.0
778 silly placeDep node_modules/eslint-config-next globals@16.4.0 OK for: eslint-config-next@16.1.4 want: 16.4.0
779 silly placeDep ROOT typescript-eslint@8.53.1 OK for: eslint-config-next@16.1.4 want: ^8.46.0
780 silly fetch manifest fast-glob@3.3.1
781 silly packumentCache full:https://registry.npmjs.org/fast-glob cache-miss
782 silly fetch manifest debug@^3.2.7
783 silly packumentCache full:https://registry.npmjs.org/debug cache-hit
784 silly fetch manifest is-core-module@^2.13.0
785 silly packumentCache full:https://registry.npmjs.org/is-core-module cache-miss
786 silly fetch manifest resolve@^1.22.4
787 silly packumentCache full:https://registry.npmjs.org/resolve cache-miss
788 silly fetch manifest tinyglobby@^0.2.13
789 silly packumentCache full:https://registry.npmjs.org/tinyglobby cache-miss
790 silly fetch manifest stable-hash@^0.0.5
791 silly packumentCache full:https://registry.npmjs.org/stable-hash cache-miss
792 silly fetch manifest get-tsconfig@^4.10.0
793 silly packumentCache full:https://registry.npmjs.org/get-tsconfig cache-miss
794 silly fetch manifest is-bun-module@^2.0.0
795 silly packumentCache full:https://registry.npmjs.org/is-bun-module cache-miss
796 http fetch GET 200 https://registry.npmjs.org/get-tsconfig 67ms (cache miss)
797 silly packumentCache full:https://registry.npmjs.org/get-tsconfig set size:undefined disposed:false
798 silly fetch manifest unrs-resolver@^1.6.2
799 silly packumentCache full:https://registry.npmjs.org/unrs-resolver cache-miss
800 http fetch GET 200 https://registry.npmjs.org/tinyglobby 71ms (cache miss)
801 silly packumentCache full:https://registry.npmjs.org/tinyglobby set size:undefined disposed:false
802 silly fetch manifest @nolyfill/is-core-module@1.0.39
803 silly packumentCache full:https://registry.npmjs.org/@nolyfill%2fis-core-module cache-miss
804 http fetch GET 200 https://registry.npmjs.org/is-core-module 76ms (cache miss)
805 silly packumentCache full:https://registry.npmjs.org/is-core-module set size:undefined disposed:false
806 silly fetch manifest @rtsao/scc@^1.1.0
807 silly packumentCache full:https://registry.npmjs.org/@rtsao%2fscc cache-miss
808 http fetch GET 200 https://registry.npmjs.org/is-bun-module 87ms (cache miss)
809 silly packumentCache full:https://registry.npmjs.org/is-bun-module set size:undefined disposed:false
810 silly fetch manifest array-includes@^3.1.9
811 silly packumentCache full:https://registry.npmjs.org/array-includes cache-miss
812 http fetch GET 200 https://registry.npmjs.org/fast-glob 94ms (cache miss)
813 silly packumentCache full:https://registry.npmjs.org/fast-glob set size:undefined disposed:false
814 silly fetch manifest array.prototype.findlastindex@^1.2.6
815 silly packumentCache full:https://registry.npmjs.org/array.prototype.findlastindex cache-miss
816 http fetch GET 200 https://registry.npmjs.org/resolve 98ms (cache miss)
817 silly packumentCache full:https://registry.npmjs.org/resolve set size:undefined disposed:false
818 silly fetch manifest array.prototype.flat@^1.3.3
819 silly packumentCache full:https://registry.npmjs.org/array.prototype.flat cache-miss
820 http fetch GET 200 https://registry.npmjs.org/unrs-resolver 56ms (cache miss)
821 silly packumentCache full:https://registry.npmjs.org/unrs-resolver set size:undefined disposed:false
822 silly fetch manifest array.prototype.flatmap@^1.3.3
823 silly packumentCache full:https://registry.npmjs.org/array.prototype.flatmap cache-miss
824 http fetch GET 200 https://registry.npmjs.org/array-includes 59ms (cache miss)
825 silly packumentCache full:https://registry.npmjs.org/array-includes set size:undefined disposed:false
826 silly fetch manifest doctrine@^2.1.0
827 silly packumentCache full:https://registry.npmjs.org/doctrine cache-miss
828 http fetch GET 200 https://registry.npmjs.org/stable-hash 155ms (cache miss)
829 silly packumentCache full:https://registry.npmjs.org/stable-hash set size:undefined disposed:false
830 silly fetch manifest eslint-module-utils@^2.12.1
831 silly packumentCache full:https://registry.npmjs.org/eslint-module-utils cache-miss
832 http fetch GET 200 https://registry.npmjs.org/array.prototype.flat 75ms (cache miss)
833 silly packumentCache full:https://registry.npmjs.org/array.prototype.flat set size:undefined disposed:false
834 silly fetch manifest hasown@^2.0.2
835 silly packumentCache full:https://registry.npmjs.org/hasown cache-miss
836 http fetch GET 200 https://registry.npmjs.org/array.prototype.findlastindex 80ms (cache miss)
837 silly packumentCache full:https://registry.npmjs.org/array.prototype.findlastindex set size:undefined disposed:false
838 silly fetch manifest is-core-module@^2.16.1
839 silly packumentCache full:https://registry.npmjs.org/is-core-module cache-miss
840 http cache https://registry.npmjs.org/is-core-module 2ms (cache hit)
841 silly packumentCache full:https://registry.npmjs.org/is-core-module set size:71788 disposed:false
842 silly fetch manifest object.fromentries@^2.0.8
843 silly packumentCache full:https://registry.npmjs.org/object.fromentries cache-miss
844 http fetch GET 200 https://registry.npmjs.org/@nolyfill%2fis-core-module 107ms (cache miss)
845 silly packumentCache full:https://registry.npmjs.org/@nolyfill%2fis-core-module set size:undefined disposed:false
846 silly fetch manifest object.groupby@^1.0.3
847 silly packumentCache full:https://registry.npmjs.org/object.groupby cache-miss
848 http fetch GET 200 https://registry.npmjs.org/@rtsao%2fscc 121ms (cache miss)
849 silly packumentCache full:https://registry.npmjs.org/@rtsao%2fscc set size:undefined disposed:false
850 silly fetch manifest object.values@^1.2.1
851 silly packumentCache full:https://registry.npmjs.org/object.values cache-miss
852 http fetch GET 200 https://registry.npmjs.org/array.prototype.flatmap 73ms (cache miss)
853 silly packumentCache full:https://registry.npmjs.org/array.prototype.flatmap set size:undefined disposed:false
854 silly fetch manifest semver@^6.3.1
855 silly packumentCache full:https://registry.npmjs.org/semver cache-miss
856 http fetch GET 200 https://registry.npmjs.org/object.fromentries 54ms (cache miss)
857 silly packumentCache full:https://registry.npmjs.org/object.fromentries set size:undefined disposed:false
858 silly fetch manifest string.prototype.trimend@^1.0.9
859 silly packumentCache full:https://registry.npmjs.org/string.prototype.trimend cache-miss
860 http fetch GET 200 https://registry.npmjs.org/doctrine 84ms (cache miss)
861 silly packumentCache full:https://registry.npmjs.org/doctrine set size:undefined disposed:false
862 silly fetch manifest tsconfig-paths@^3.15.0
863 silly packumentCache full:https://registry.npmjs.org/tsconfig-paths cache-miss
864 http fetch GET 200 https://registry.npmjs.org/hasown 71ms (cache miss)
865 silly packumentCache full:https://registry.npmjs.org/hasown set size:undefined disposed:false
866 silly fetch manifest aria-query@^5.3.2
867 silly packumentCache full:https://registry.npmjs.org/aria-query cache-miss
868 http fetch GET 200 https://registry.npmjs.org/object.groupby 84ms (cache miss)
869 silly packumentCache full:https://registry.npmjs.org/object.groupby set size:undefined disposed:false
870 silly fetch manifest array-includes@^3.1.8
871 silly packumentCache full:https://registry.npmjs.org/array-includes cache-miss
872 http cache https://registry.npmjs.org/array-includes 1ms (cache hit)
873 silly packumentCache full:https://registry.npmjs.org/array-includes set size:77143 disposed:false
874 silly fetch manifest array.prototype.flatmap@^1.3.2
875 silly packumentCache full:https://registry.npmjs.org/array.prototype.flatmap cache-miss
876 http cache https://registry.npmjs.org/array.prototype.flatmap 1ms (cache hit)
877 silly packumentCache full:https://registry.npmjs.org/array.prototype.flatmap set size:51458 disposed:false
878 silly fetch manifest ast-types-flow@^0.0.8
879 silly packumentCache full:https://registry.npmjs.org/ast-types-flow cache-miss
880 http fetch GET 200 https://registry.npmjs.org/semver 72ms (cache miss)
881 silly packumentCache full:https://registry.npmjs.org/semver set size:undefined disposed:false
882 silly fetch manifest axe-core@^4.10.0
883 silly packumentCache full:https://registry.npmjs.org/axe-core cache-miss
884 http fetch GET 200 https://registry.npmjs.org/eslint-module-utils 125ms (cache miss)
885 silly packumentCache full:https://registry.npmjs.org/eslint-module-utils set size:undefined disposed:false
886 silly fetch manifest axobject-query@^4.1.0
887 silly packumentCache full:https://registry.npmjs.org/axobject-query cache-miss
888 http fetch GET 200 https://registry.npmjs.org/tsconfig-paths 63ms (cache miss)
889 silly packumentCache full:https://registry.npmjs.org/tsconfig-paths set size:undefined disposed:false
890 silly fetch manifest damerau-levenshtein@^1.0.8
891 silly packumentCache full:https://registry.npmjs.org/damerau-levenshtein cache-miss
892 http fetch GET 200 https://registry.npmjs.org/aria-query 68ms (cache miss)
893 silly packumentCache full:https://registry.npmjs.org/aria-query set size:undefined disposed:false
894 silly fetch manifest emoji-regex@^9.2.2
895 silly packumentCache full:https://registry.npmjs.org/emoji-regex cache-miss
896 http fetch GET 200 https://registry.npmjs.org/object.values 159ms (cache miss)
897 silly packumentCache full:https://registry.npmjs.org/object.values set size:undefined disposed:false
898 silly fetch manifest jsx-ast-utils@^3.3.5
899 silly packumentCache full:https://registry.npmjs.org/jsx-ast-utils cache-miss
900 http fetch GET 200 https://registry.npmjs.org/string.prototype.trimend 131ms (cache miss)
901 silly packumentCache full:https://registry.npmjs.org/string.prototype.trimend set size:undefined disposed:false
902 silly fetch manifest language-tags@^1.0.9
903 silly packumentCache full:https://registry.npmjs.org/language-tags cache-miss
904 http fetch GET 200 https://registry.npmjs.org/damerau-levenshtein 71ms (cache miss)
905 silly packumentCache full:https://registry.npmjs.org/damerau-levenshtein set size:undefined disposed:false
906 silly fetch manifest safe-regex-test@^1.0.3
907 silly packumentCache full:https://registry.npmjs.org/safe-regex-test cache-miss
908 http fetch GET 200 https://registry.npmjs.org/emoji-regex 80ms (cache miss)
909 silly packumentCache full:https://registry.npmjs.org/emoji-regex set size:undefined disposed:false
910 silly fetch manifest string.prototype.includes@^2.0.1
911 silly packumentCache full:https://registry.npmjs.org/string.prototype.includes cache-miss
912 http fetch GET 200 https://registry.npmjs.org/ast-types-flow 131ms (cache miss)
913 silly packumentCache full:https://registry.npmjs.org/ast-types-flow set size:undefined disposed:false
914 silly fetch manifest array.prototype.findlast@^1.2.5
915 silly packumentCache full:https://registry.npmjs.org/array.prototype.findlast cache-miss
916 http fetch GET 200 https://registry.npmjs.org/axobject-query 120ms (cache miss)
917 silly packumentCache full:https://registry.npmjs.org/axobject-query set size:undefined disposed:false
918 silly fetch manifest array.prototype.tosorted@^1.1.4
919 silly packumentCache full:https://registry.npmjs.org/array.prototype.tosorted cache-miss
920 http fetch GET 200 https://registry.npmjs.org/safe-regex-test 59ms (cache miss)
921 silly packumentCache full:https://registry.npmjs.org/safe-regex-test set size:undefined disposed:false
922 silly fetch manifest es-iterator-helpers@^1.2.1
923 silly packumentCache full:https://registry.npmjs.org/es-iterator-helpers cache-miss
924 http fetch GET 200 https://registry.npmjs.org/language-tags 80ms (cache miss)
925 silly packumentCache full:https://registry.npmjs.org/language-tags set size:undefined disposed:false
926 silly fetch manifest estraverse@^5.3.0
927 silly packumentCache full:https://registry.npmjs.org/estraverse cache-miss
928 http cache https://registry.npmjs.org/estraverse 1ms (cache hit)
929 silly packumentCache full:https://registry.npmjs.org/estraverse set size:62412 disposed:false
930 silly fetch manifest jsx-ast-utils@^2.4.1 || ^3.0.0
931 silly packumentCache full:https://registry.npmjs.org/jsx-ast-utils cache-miss
932 http fetch GET 200 https://registry.npmjs.org/jsx-ast-utils 100ms (cache miss)
933 silly packumentCache full:https://registry.npmjs.org/jsx-ast-utils set size:undefined disposed:false
934 silly fetch manifest object.entries@^1.1.9
935 silly packumentCache full:https://registry.npmjs.org/object.entries cache-miss
936 http fetch GET 200 https://registry.npmjs.org/string.prototype.includes 67ms (cache miss)
937 silly packumentCache full:https://registry.npmjs.org/string.prototype.includes set size:undefined disposed:false
938 silly fetch manifest prop-types@^15.8.1
939 silly packumentCache full:https://registry.npmjs.org/prop-types cache-miss
940 http fetch GET 200 https://registry.npmjs.org/array.prototype.findlast 79ms (cache miss)
941 silly packumentCache full:https://registry.npmjs.org/array.prototype.findlast set size:undefined disposed:false
942 silly fetch manifest resolve@^2.0.0-next.5
943 silly packumentCache full:https://registry.npmjs.org/resolve cache-miss
944 http fetch GET 200 https://registry.npmjs.org/es-iterator-helpers 50ms (cache miss)
945 silly packumentCache full:https://registry.npmjs.org/es-iterator-helpers set size:undefined disposed:false
946 silly fetch manifest string.prototype.matchall@^4.0.12
947 silly packumentCache full:https://registry.npmjs.org/string.prototype.matchall cache-miss
948 http cache https://registry.npmjs.org/resolve 2ms (cache hit)
949 silly packumentCache full:https://registry.npmjs.org/resolve set size:246681 disposed:false
950 silly fetch manifest string.prototype.repeat@^1.0.0
951 silly packumentCache full:https://registry.npmjs.org/string.prototype.repeat cache-miss
952 http fetch GET 200 https://registry.npmjs.org/jsx-ast-utils 59ms (cache miss)
953 silly packumentCache full:https://registry.npmjs.org/jsx-ast-utils set size:undefined disposed:false
954 silly fetch manifest zod@^3.25.0 || ^4.0.0
955 silly packumentCache full:https://registry.npmjs.org/zod cache-miss
956 http fetch GET 200 https://registry.npmjs.org/object.entries 61ms (cache miss)
957 silly packumentCache full:https://registry.npmjs.org/object.entries set size:undefined disposed:false
958 silly fetch manifest @babel/core@^7.24.4
959 silly packumentCache full:https://registry.npmjs.org/@babel%2fcore cache-miss
960 http fetch GET 200 https://registry.npmjs.org/prop-types 63ms (cache miss)
961 silly packumentCache full:https://registry.npmjs.org/prop-types set size:undefined disposed:false
962 silly fetch manifest @babel/parser@^7.24.4
963 silly packumentCache full:https://registry.npmjs.org/@babel%2fparser cache-miss
964 http fetch GET 200 https://registry.npmjs.org/string.prototype.repeat 80ms (cache miss)
965 silly packumentCache full:https://registry.npmjs.org/string.prototype.repeat set size:undefined disposed:false
966 silly fetch manifest hermes-parser@^0.25.1
967 silly packumentCache full:https://registry.npmjs.org/hermes-parser cache-miss
968 http fetch GET 200 https://registry.npmjs.org/array.prototype.tosorted 163ms (cache miss)
969 silly packumentCache full:https://registry.npmjs.org/array.prototype.tosorted set size:undefined disposed:false
970 silly fetch manifest zod-validation-error@^3.5.0 || ^4.0.0
971 silly packumentCache full:https://registry.npmjs.org/zod-validation-error cache-miss
972 http fetch GET 200 https://registry.npmjs.org/string.prototype.matchall 104ms (cache miss)
973 silly packumentCache full:https://registry.npmjs.org/string.prototype.matchall set size:undefined disposed:false
974 silly fetch manifest @typescript-eslint/utils@8.53.1
975 silly packumentCache full:https://registry.npmjs.org/@typescript-eslint%2futils cache-miss
976 http fetch GET 200 https://registry.npmjs.org/axe-core 314ms (cache miss)
977 silly packumentCache full:https://registry.npmjs.org/axe-core set size:undefined disposed:false
978 silly fetch manifest @typescript-eslint/parser@8.53.1
979 silly packumentCache full:https://registry.npmjs.org/@typescript-eslint%2fparser cache-miss
980 http fetch GET 200 https://registry.npmjs.org/@babel%2fcore 103ms (cache miss)
981 silly packumentCache full:https://registry.npmjs.org/@babel%2fcore set size:undefined disposed:false
982 silly fetch manifest @typescript-eslint/eslint-plugin@8.53.1
983 silly packumentCache full:https://registry.npmjs.org/@typescript-eslint%2feslint-plugin cache-miss
984 http fetch GET 200 https://registry.npmjs.org/zod 121ms (cache miss)
985 silly packumentCache full:https://registry.npmjs.org/zod set size:undefined disposed:false
986 silly fetch manifest @typescript-eslint/typescript-estree@8.53.1
987 silly packumentCache full:https://registry.npmjs.org/@typescript-eslint%2ftypescript-estree cache-miss
988 http fetch GET 200 https://registry.npmjs.org/@babel%2fparser 107ms (cache miss)
989 silly packumentCache full:https://registry.npmjs.org/@babel%2fparser set size:undefined disposed:false
990 http fetch GET 200 https://registry.npmjs.org/hermes-parser 90ms (cache miss)
991 silly packumentCache full:https://registry.npmjs.org/hermes-parser set size:undefined disposed:false
992 http fetch GET 200 https://registry.npmjs.org/zod-validation-error 99ms (cache miss)
993 silly packumentCache full:https://registry.npmjs.org/zod-validation-error set size:undefined disposed:false
994 http fetch GET 200 https://registry.npmjs.org/@typescript-eslint%2ftypescript-estree 349ms (cache miss)
995 silly packumentCache full:https://registry.npmjs.org/@typescript-eslint%2ftypescript-estree set size:undefined disposed:false
996 http fetch GET 200 https://registry.npmjs.org/@typescript-eslint%2feslint-plugin 420ms (cache miss)
997 silly packumentCache full:https://registry.npmjs.org/@typescript-eslint%2feslint-plugin set size:undefined disposed:false
